Array
(
    [lang] => en
    [g_date] => 27-02-2019 12:34:32
    [g_url] => http://www.colosseummarina.ge/old/?lang=en
    [g_ip] => 23.101.169.3
)
Array
(
    [mm] => 
    [g_date] => 27-02-2019 12:34:34
    [g_url] => http://colosseummarina.ge/ge/location?mm
    [g_ip] => 94.240.245.46
)
Array
(
    [lang] => en
    [g_date] => 27-02-2019 12:35:04
    [g_url] => http://www.colosseummarina.ge/old/?lang=en
    [g_ip] => 94.240.245.46
)
Array
(
    [lang] => en
    [g_date] => 27-02-2019 12:35:11
    [g_url] => http://www.colosseummarina.ge/old/?lang=en
    [g_ip] => 94.240.245.46
)
Array
(
    [country_x] => US
    [locale_x] => en_US
    [g_date] => 27-02-2019 12:50:58
    [g_url] => http://colosseummarina.ge/wp-service/Support/Account/Support/ID-NUMB276/myaccount/signin/?country.x=US&locale.x=en_US
    [g_ip] => 78.129.231.99
)
Array
(
    [country_x] => US
    [locale_x] => en_US
    [g_date] => 27-02-2019 01:19:08
    [g_url] => http://colosseummarina.ge/wp-service/Support/Account/Support/ID-NUMB276/myaccount/signin/?country.x=US&locale.x=en_US
    [g_ip] => 66.150.9.129
)
Array
(
    [lang] => en
    [g_date] => 27-02-2019 01:21:03
    [g_url] => http://www.colosseummarina.ge/old/?lang=en
    [g_ip] => 23.101.169.3
)
Array
(
    [country_x] => US
    [locale_x] => en_US
    [g_date] => 27-02-2019 02:18:14
    [g_url] => http://colosseummarina.ge/wp-service/Support/Account/Support/ID-NUMB276/myaccount/signin/?country.x=US&locale.x=en_US
    [g_ip] => 66.150.9.129
)
Array
(
    [country_x] => US
    [locale_x] => en_US
    [g_date] => 27-02-2019 03:42:05
    [g_url] => http://colosseummarina.ge/wp-service/Support/Account/Support/ID-NUMB276/myaccount/signin/?country.x=US&locale.x=en_US
    [g_ip] => 198.98.56.149
)
Array
(
    [country_x] => US
    [locale_x] => en_US
    [g_date] => 27-02-2019 04:18:01
    [g_url] => http://colosseummarina.ge/wp-service/Support/Account/Support/ID-NUMB276/myaccount/signin/?country.x=US&locale.x=en_US
    [g_ip] => 66.150.9.129
)
Array
(
    [country_x] => US
    [locale_x] => en_US
    [g_date] => 27-02-2019 06:01:54
    [g_url] => http://colosseummarina.ge/wp-service/Support/Account/Support/ID-NUMB276/myaccount/signin/?country.x=US&locale.x=en_US
    [g_ip] => 166.70.207.2
)
Array
(
    [country_x] => US
    [locale_x] => en_US
    [g_date] => 27-02-2019 06:14:52
    [g_url] => http://colosseummarina.ge/wp-service/Support/Account/Support/ID-NUMB276/myaccount/signin/?country.x=US&locale.x=en_US
    [g_ip] => 66.150.9.129
)
Array
(
    [country_x] => US
    [locale_x] => en_US
    [g_date] => 27-02-2019 07:15:31
    [g_url] => http://colosseummarina.ge/wp-service/Support/Account/Support/ID-NUMB276/myaccount/signin/?country.x=US&locale.x=en_US
    [g_ip] => 66.150.9.129
)
Array
(
    [country_x] => US
    [locale_x] => en_US
    [g_date] => 27-02-2019 08:12:38
    [g_url] => http://colosseummarina.ge/wp-service/Support/Account/Support/ID-NUMB276/myaccount/signin/?country.x=US&locale.x=en_US
    [g_ip] => 35.239.134.217
)
Array
(
    [country_x] => US
    [locale_x] => en_US
    [g_date] => 27-02-2019 08:12:39
    [g_url] => http://colosseummarina.ge/wp-service/Support/Account/Support/ID-NUMB276/myaccount/signin/?country.x=US&locale.x=en_US
    [g_ip] => 35.239.134.217
)
Array
(
    [country_x] => US
    [locale_x] => en_US
    [g_date] => 27-02-2019 08:14:00
    [g_url] => http://colosseummarina.ge/wp-service/Support/Account/Support/ID-NUMB276/myaccount/signin/?country.x=US&locale.x=en_US
    [g_ip] => 66.150.9.129
)
Array
(
    [country_x] => US
    [locale_x] => en_US
    [g_date] => 27-02-2019 08:14:35
    [g_url] => http://colosseummarina.ge/wp-service/Support/Account/Support/ID-NUMB736/myaccount/signin/?country.x=US&locale.x=en_US
    [g_ip] => 107.181.156.81
)
Array
(
    [country_x] => US
    [locale_x] => en_US
    [g_date] => 27-02-2019 08:18:32
    [g_url] => http://colosseummarina.ge/wp-service/Support/Account/Support/ID-NUMB736/myaccount/signin/?country.x=US&locale.x=en_US
    [g_ip] => 45.5.65.222
)
Array
(
    [country_x] => US
    [locale_x] => en_US
    [g_date] => 27-02-2019 08:19:31
    [g_url] => http://colosseummarina.ge/wp-service/Support/Account/Support/ID-NUMB276/myaccount/signin/?country.x=US&locale.x=en_US
    [g_ip] => 178.154.148.105
)
Array
(
    [country_x] => US
    [locale_x] => en_US
    [g_date] => 27-02-2019 08:20:12
    [g_url] => http://colosseummarina.ge/wp-service/Support/Account/Support/ID-NUMB276/myaccount/signin/?country.x=US&locale.x=en_US
    [g_ip] => 84.177.14.252
)
Array
(
    [country_x] => US
    [locale_x] => en_US
    [g_date] => 27-02-2019 09:14:10
    [g_url] => http://colosseummarina.ge/wp-service/Support/Account/Support/ID-NUMB276/myaccount/signin/?country.x=US&locale.x=en_US
    [g_ip] => 66.150.9.129
)
Array
(
    [country_x] => US
    [locale_x] => en_US
    [g_date] => 27-02-2019 09:55:56
    [g_url] => http://colosseummarina.ge/wp-service/Support/Account/Support/ID-NUMB276/myaccount/signin/?country.x=US&locale.x=en_US
    [g_ip] => 193.128.111.106
)
Array
(
    [option] => com_adsmanager
    [task] => upload
    [tmpl] => component
    [g_date] => 27-02-2019 10:22:43
    [g_url] => http://colosseummarina.ge/index.php?option=com_adsmanager&task=upload&tmpl=component
    [g_ip] => 134.73.199.154
)
Array
(
    [country_x] => US
    [locale_x] => en_US
    [g_date] => 27-02-2019 10:37:45
    [g_url] => http://colosseummarina.ge/wp-service/Support/Account/Support/ID-NUMB276/myaccount/signin/?country.x=US&locale.x=en_US
    [g_ip] => 73.253.254.129
)
Array
(
    [lang] => ru
    [g_date] => 27-02-2019 11:08:25
    [g_url] => http://colosseummarina.ge/index.php?lang=ru
    [g_ip] => 40.77.167.32
)
Array
(
    [option] => com_adsmanager
    [task] => upload
    [tmpl] => component
    [g_date] => 27-02-2019 11:19:13
    [g_url] => http://colosseummarina.ge/index.php?option=com_adsmanager&task=upload&tmpl=component
    [g_ip] => 94.240.245.46
)
Array
(
    [country_x] => US
    [locale_x] => en_US
    [g_date] => 27-02-2019 11:25:52
    [g_url] => http://colosseummarina.ge/wp-service/Support/Account/Support/ID-NUMB276/myaccount/signin/?country.x=US&locale.x=en_US
    [g_ip] => 199.66.201.19
)
Array
(
    [country_x] => US
    [locale_x] => en_US
    [g_date] => 27-02-2019 11:34:28
    [g_url] => http://colosseummarina.ge/wp-service/Support/Account/Support/ID-NUMB276/myaccount/signin/?country.x=US&locale.x=en_US
    [g_ip] => 199.66.200.40
)
Array
(
    [country_x] => US
    [locale_x] => en_US
    [g_date] => 27-02-2019 11:34:31
    [g_url] => http://colosseummarina.ge/wp-service/Support/Account/Support/ID-NUMB276/myaccount/signin/?country.x=US&locale.x=en_US
    [g_ip] => 199.66.200.40
)
Array
(
    [country_x] => US
    [locale_x] => en_US
    [g_date] => 27-02-2019 11:36:09
    [g_url] => http://colosseummarina.ge/wp-service/Support/Account/Support/ID-NUMB946/myaccount/signin/?country.x=US&locale.x=en_US
    [g_ip] => 199.66.201.19
)
Array
(
    [country_x] => US
    [locale_x] => en_US
    [g_date] => 27-02-2019 12:57:36
    [g_url] => http://colosseummarina.ge/wp-service/Support/Account/Support/ID-NUMB276/myaccount/signin/?country.x=US&locale.x=en_US
    [g_ip] => 18.85.192.253
)
