Array
(
    [dd_login] => 1
    [username] => ddadmin
    [password] => 123
    [perform] => Sign In
    [g_date] => 26-02-2019 05:06:13
    [g_url] => http://colosseummarina.ge/ge/cadmin?action=access&subaction=login
    [g_ip] => 37.232.94.108
)
Array
(
    [name] => TravisroanD
    [phone] => 84656298714
    [email] => trb894@hotmail.com
    [message] => Turning $10,000 into $1 Million in Forex | DailyForex: http://www.abcagency.se/investcrypto90092442
    [submit] => Отправить
    [g_date] => 26-02-2019 09:05:09
    [g_url] => http://colosseummarina.ge/
    [g_ip] => 185.17.149.147
)
Array
(
    [name] => KennethNen
    [phone] => 88169124622
    [email] => anthem15@hotmail.com
    [message] => 15 Easy Ways to Make Sex Last: https://aaa.moda/astongerined29355
    [submit] => Отправить
    [g_date] => 26-02-2019 09:05:09
    [g_url] => http://colosseummarina.ge/
    [g_ip] => 185.104.184.122
)
Array
(
    [name] => MichaelTef
    [phone] => 81289179838
    [email] => 51455@msn.com
    [message] => You have a chance to win an New iPhone: http://webhop.se/ouinphone96382
    [submit] => Отправить
    [g_date] => 26-02-2019 09:12:34
    [g_url] => http://colosseummarina.ge/
    [g_ip] => 185.130.184.232
)
Array
(
    [name] => AntonioWag
    [phone] => 83631193464
    [email] => wattie@msn.com
    [message] => Natural Stress Solutions CBD Pills: http://www.vkvi.net/aturaltressolutions94737
    [submit] => Отправить
    [g_date] => 26-02-2019 09:12:36
    [g_url] => http://colosseummarina.ge/
    [g_ip] => 185.189.113.43
)
